<?xml version="1.0" encoding="UTF-8"?>
<!-- Generated by org.testng.reporters.JUnitReportReporter -->
<testsuite skipped="0" hostname="LTIN214100" name="Test.TestClass" tests="1" failures="0" timestamp="05 Dec 2023 13:51:54 GMT" time="30.389" errors="0">
  <testcase name="Test" time="30.389" classname="Test.TestClass"/>
</testsuite> <!-- Test.TestClass -->
